<?xml version="1.0" encoding="UTF-8"?>
<!-- Generated by org.testng.reporters.JUnitReportReporter -->
<testsuite hostname="DESKTOP-92EFBDM" failures="0" tests="7" name="com.sgtest.TestNGAssignment.Assign6" time="10.721" errors="0" timestamp="2021-09-16T22:38:06 IST" skipped="0">
  <testcase classname="com.sgtest.TestNGAssignment.Assign6" name="LaunchBrowser" time="1.372"/>
  <system-out/>
  <testcase classname="com.sgtest.TestNGAssignment.Assign6" name="navigate" time="2.739"/>
  <system-out/>
  <testcase classname="com.sgtest.TestNGAssignment.Assign6" name="Login" time="4.427"/>
  <system-out/>
  <testcase classname="com.sgtest.TestNGAssignment.Assign6" name="minimize" time="2.065"/>
  <system-out/>
  <testcase classname="com.sgtest.TestNGAssignment.Assign6" name="creatcustomer" time="0.047"/>
  <system-out/>
  <testcase classname="com.sgtest.TestNGAssignment.Assign6" name="createproj" time="0.046"/>
  <system-out/>
  <testcase classname="com.sgtest.TestNGAssignment.Assign6" name="modifyproj" time="0.025"/>
  <system-out/>
</testsuite> <!-- com.sgtest.TestNGAssignment.Assign6 -->
