<?xml version="1.0" encoding="UTF-8"?>
<!-- Generated by org.testng.reporters.JUnitReportReporter -->
<testsuite hostname="DESKTOP-92EFBDM" failures="0" tests="10" name="com.sgtest.TestNGAssignment.Assign5" time="17.297" errors="0" timestamp="2021-09-16T22:38:06 IST" skipped="0">
  <testcase classname="com.sgtest.TestNGAssignment.Assign5" name="LaunchBrowser" time="1.389"/>
  <system-out/>
  <testcase classname="com.sgtest.TestNGAssignment.Assign5" name="navigate" time="2.776"/>
  <system-out/>
  <testcase classname="com.sgtest.TestNGAssignment.Assign5" name="Login" time="2.460"/>
  <system-out/>
  <testcase classname="com.sgtest.TestNGAssignment.Assign5" name="minimize" time="2.057"/>
  <system-out/>
  <testcase classname="com.sgtest.TestNGAssignment.Assign5" name="creatcustomer" time="2.553"/>
  <system-out/>
  <testcase classname="com.sgtest.TestNGAssignment.Assign5" name="createproj" time="4.601"/>
  <system-out/>
  <testcase classname="com.sgtest.TestNGAssignment.Assign5" name="deletproj" time="0.036"/>
  <system-out/>
  <testcase classname="com.sgtest.TestNGAssignment.Assign5" name="deletcust" time="0.045"/>
  <system-out/>
  <testcase classname="com.sgtest.TestNGAssignment.Assign5" name="Logout" time="1.174"/>
  <system-out/>
  <testcase classname="com.sgtest.TestNGAssignment.Assign5" name="close" time="0.206"/>
  <system-out/>
</testsuite> <!-- com.sgtest.TestNGAssignment.Assign5 -->
