<?xml version="1.0" encoding="UTF-8"?>
<!-- Generated by org.testng.reporters.JUnitReportReporter -->
<testsuite hostname="DESKTOP-92EFBDM" failures="0" tests="9" name="com.sgtest.TestNGAssignment.Assign4" time="13.838" errors="0" timestamp="2021-09-16T22:38:06 IST" skipped="0">
  <testcase classname="com.sgtest.TestNGAssignment.Assign4" name="launch" time="1.517"/>
  <system-out/>
  <testcase classname="com.sgtest.TestNGAssignment.Assign4" name="navigate" time="2.808"/>
  <system-out/>
  <testcase classname="com.sgtest.TestNGAssignment.Assign4" name="Login" time="2.356"/>
  <system-out/>
  <testcase classname="com.sgtest.TestNGAssignment.Assign4" name="minimize" time="2.056"/>
  <system-out/>
  <testcase classname="com.sgtest.TestNGAssignment.Assign4" name="creatcustomer" time="2.545"/>
  <system-out/>
  <testcase classname="com.sgtest.TestNGAssignment.Assign4" name="modifycustomer" time="0.048"/>
  <system-out/>
  <testcase classname="com.sgtest.TestNGAssignment.Assign4" name="deletCustomer" time="0.044"/>
  <system-out/>
  <testcase classname="com.sgtest.TestNGAssignment.Assign4" name="Logout" time="2.284"/>
  <system-out/>
  <testcase classname="com.sgtest.TestNGAssignment.Assign4" name="close" time="0.180"/>
  <system-out/>
</testsuite> <!-- com.sgtest.TestNGAssignment.Assign4 -->
