<?xml version="1.0" encoding="UTF-8"?>
<!-- Generated by org.testng.reporters.JUnitReportReporter -->
<testsuite hostname="DESKTOP-92EFBDM" failures="0" tests="6" name="com.sgtest.TestNGAssignment.Assign1" time="13.973" errors="0" timestamp="2021-09-16T22:38:06 IST" skipped="0">
  <testcase classname="com.sgtest.TestNGAssignment.Assign1" name="launchBrowser" time="2.302"/>
  <system-out/>
  <testcase classname="com.sgtest.TestNGAssignment.Assign1" name="navigate" time="2.631"/>
  <system-out/>
  <testcase classname="com.sgtest.TestNGAssignment.Assign1" name="login" time="4.416"/>
  <system-out/>
  <testcase classname="com.sgtest.TestNGAssignment.Assign1" name="minimizeFlyOutWindow" time="2.068"/>
  <system-out/>
  <testcase classname="com.sgtest.TestNGAssignment.Assign1" name="logout" time="2.344"/>
  <system-out/>
  <testcase classname="com.sgtest.TestNGAssignment.Assign1" name="closeApplication" time="0.212"/>
  <system-out/>
</testsuite> <!-- com.sgtest.TestNGAssignment.Assign1 -->
