<?xml version="1.0" encoding="UTF-8"?>
<!-- Generated by org.testng.reporters.JUnitReportReporter -->
<testsuite hostname="DESKTOP-92EFBDM" failures="0" tests="8" name="com.sgtest.TestNGAssignment.Assign2" time="33.113" errors="0" timestamp="2021-09-16T22:38:06 IST" skipped="0">
  <testcase classname="com.sgtest.TestNGAssignment.Assign2" name="lauch" time="3.501"/>
  <system-out/>
  <testcase classname="com.sgtest.TestNGAssignment.Assign2" name="navigate" time="4.611"/>
  <system-out/>
  <testcase classname="com.sgtest.TestNGAssignment.Assign2" name="login" time="4.214"/>
  <system-out/>
  <testcase classname="com.sgtest.TestNGAssignment.Assign2" name="minimize" time="2.141"/>
  <system-out/>
  <testcase classname="com.sgtest.TestNGAssignment.Assign2" name="createuser" time="14.063"/>
  <system-out/>
  <testcase classname="com.sgtest.TestNGAssignment.Assign2" name="modify" time="1.194"/>
  <system-out/>
  <testcase classname="com.sgtest.TestNGAssignment.Assign2" name="Logout" time="1.219"/>
  <system-out/>
  <testcase classname="com.sgtest.TestNGAssignment.Assign2" name="close" time="2.170"/>
  <system-out/>
</testsuite> <!-- com.sgtest.TestNGAssignment.Assign2 -->
