<?xml version="1.0" encoding="UTF-8"?>
<!-- Generated by org.testng.reporters.JUnitReportReporter -->
<testsuite hostname="DESKTOP-92EFBDM" failures="0" tests="11" name="com.sgtest.TestNGAssignment.Assign7" time="51.376" errors="0" timestamp="2021-09-16T22:38:06 IST" skipped="0">
  <testcase classname="com.sgtest.TestNGAssignment.Assign7" name="LaunchBrowser" time="1.382"/>
  <system-out/>
  <testcase classname="com.sgtest.TestNGAssignment.Assign7" name="navigate" time="2.792"/>
  <system-out/>
  <testcase classname="com.sgtest.TestNGAssignment.Assign7" name="Login" time="4.314"/>
  <system-out/>
  <testcase classname="com.sgtest.TestNGAssignment.Assign7" name="minimize" time="2.065"/>
  <system-out/>
  <testcase classname="com.sgtest.TestNGAssignment.Assign7" name="creatcustomer" time="9.437"/>
  <system-out/>
  <testcase classname="com.sgtest.TestNGAssignment.Assign7" name="createproj" time="6.729"/>
  <system-out/>
  <testcase classname="com.sgtest.TestNGAssignment.Assign7" name="createtask" time="6.722"/>
  <system-out/>
  <testcase classname="com.sgtest.TestNGAssignment.Assign7" name="delettsk" time="6.718"/>
  <system-out/>
  <testcase classname="com.sgtest.TestNGAssignment.Assign7" name="deletcustomer" time="8.610"/>
  <system-out/>
  <testcase classname="com.sgtest.TestNGAssignment.Assign7" name="Logout" time="2.399"/>
  <system-out/>
  <testcase classname="com.sgtest.TestNGAssignment.Assign7" name="close" time="0.208"/>
  <system-out/>
</testsuite> <!-- com.sgtest.TestNGAssignment.Assign7 -->
