<?xml version="1.0" encoding="UTF-8"?>
<!-- Generated by org.testng.reporters.JUnitReportReporter -->
<testsuite hostname="DESKTOP-92EFBDM" failures="0" tests="8" name="com.sgtest.TestNGAssignment.Assign3" time="43.466" errors="0" timestamp="2021-09-16T22:38:06 IST" skipped="0">
  <testcase classname="com.sgtest.TestNGAssignment.Assign3" name="launch" time="3.540"/>
  <system-out/>
  <testcase classname="com.sgtest.TestNGAssignment.Assign3" name="navigate" time="4.700"/>
  <system-out/>
  <testcase classname="com.sgtest.TestNGAssignment.Assign3" name="Login" time="4.210"/>
  <system-out/>
  <testcase classname="com.sgtest.TestNGAssignment.Assign3" name="minimize" time="2.101"/>
  <system-out/>
  <testcase classname="com.sgtest.TestNGAssignment.Assign3" name="creatcustomer" time="15.714"/>
  <system-out/>
  <testcase classname="com.sgtest.TestNGAssignment.Assign3" name="deletCustomer" time="10.634"/>
  <system-out/>
  <testcase classname="com.sgtest.TestNGAssignment.Assign3" name="Logout" time="2.392"/>
  <system-out/>
  <testcase classname="com.sgtest.TestNGAssignment.Assign3" name="close" time="0.175"/>
  <system-out/>
</testsuite> <!-- com.sgtest.TestNGAssignment.Assign3 -->
