<?xml version="1.0" encoding="UTF-8"?>
<!-- Generated by org.testng.reporters.JUnitReportReporter -->
<testsuite hostname="DESKTOP-92EFBDM" failures="0" tests="6" name="com.sgtest.DataProviderDemo.DataProvider" time="18.882" errors="0" timestamp="2021-09-16T10:50:32 IST" skipped="0">
  <testcase classname="com.sgtest.DataProviderDemo.DataProvider" name="launchBrowser" time="4.913"/>
  <system-out/>
  <testcase classname="com.sgtest.DataProviderDemo.DataProvider" name="navigate" time="4.694"/>
  <system-out/>
  <testcase classname="com.sgtest.DataProviderDemo.DataProvider" name="login" time="4.455"/>
  <system-out/>
  <testcase classname="com.sgtest.DataProviderDemo.DataProvider" name="minimizeFlyOutWindow" time="2.205"/>
  <system-out/>
  <testcase classname="com.sgtest.DataProviderDemo.DataProvider" name="logout" time="2.434"/>
  <system-out/>
  <testcase classname="com.sgtest.DataProviderDemo.DataProvider" name="closeApplication" time="0.181"/>
  <system-out/>
</testsuite> <!-- com.sgtest.DataProviderDemo.DataProvider -->
